[2020-03-28T15:22:00.189+0100] [] [INFO] [NCLS-GFLAUNCHER-00005] [javax.enterprise.launcher] [tid: _ThreadID=1 _ThreadName=main] [timeMillis: 1585405320189] [levelValue: 800] [[
  JVM invocation command line:
C:\Program Files\Java\jdk1.8.0_144\bin\java.exe
-cp
C:/Users/dtms/IdeaProjects/ztp-solid/glassfish5/glassfish/modules/glassfish.jar
-XX:+UnlockDiagnosticVMOptions
-XX:NewRatio=2
-XX:MaxPermSize=192m
-Xmx512m
-javaagent:C:/Users/dtms/IdeaProjects/ztp-solid/glassfish5/glassfish/lib/monitor/flashlight-agent.jar
-client
-Djavax.xml.accessExternalSchema=all
-Djavax.net.ssl.trustStore=C:\Users\dtms\IdeaProjects\ztp-solid\glassfish5\glassfish\domains\domain1/config/cacerts.jks
-Djdk.tls.rejectClientInitiatedRenegotiation=true
-Djdk.corba.allowOutputStreamSubclass=true
-Dfelix.fileinstall.dir=C:\Users\dtms\IdeaProjects\ztp-solid\glassfish5\glassfish/modules/autostart/
-Dorg.glassfish.additionalOSGiBundlesToStart=org.apache.felix.shell,org.apache.felix.gogo.runtime,org.apache.felix.gogo.shell,org.apache.felix.gogo.command,org.apache.felix.shell.remote,org.apache.felix.fileinstall
-Dcom.sun.aas.installRoot=C:\Users\dtms\IdeaProjects\ztp-solid\glassfish5\glassfish
-Dfelix.fileinstall.poll=5000
-Djava.endorsed.dirs=C:\Users\dtms\IdeaProjects\ztp-solid\glassfish5\glassfish/modules/endorsed;C:\Users\dtms\IdeaProjects\ztp-solid\glassfish5\glassfish/lib/endorsed
-Djava.security.policy=C:\Users\dtms\IdeaProjects\ztp-solid\glassfish5\glassfish\domains\domain1/config/server.policy
-Dosgi.shell.telnet.maxconn=1
-Dfelix.fileinstall.bundles.startTransient=true
-Dcom.sun.enterprise.config.config_environment_factory_class=com.sun.enterprise.config.serverbeans.AppserverConfigEnvironmentFactory
-Dfelix.fileinstall.log.level=2
-Djavax.net.ssl.keyStore=C:\Users\dtms\IdeaProjects\ztp-solid\glassfish5\glassfish\domains\domain1/config/keystore.jks
-Djava.security.auth.login.config=C:\Users\dtms\IdeaProjects\ztp-solid\glassfish5\glassfish\domains\domain1/config/login.conf
-Dfelix.fileinstall.disableConfigSave=false
-Dfelix.fileinstall.bundles.new.start=true
-Dcom.sun.aas.instanceRoot=C:\Users\dtms\IdeaProjects\ztp-solid\glassfish5\glassfish\domains\domain1
-Dosgi.shell.telnet.port=6666
-Dgosh.args=--nointeractive
-Dcom.sun.enterprise.security.httpsOutboundKeyAlias=s1as
-Dosgi.shell.telnet.ip=127.0.0.1
-DANTLR_USE_DIRECT_CLASS_LOADING=true
-Djava.awt.headless=true
-Dcom.ctc.wstx.returnNullForDefaultNamespace=true
-Djava.ext.dirs=C:\Program Files\Java\jdk1.8.0_144/lib/ext;C:\Program Files\Java\jdk1.8.0_144/jre/lib/ext;C:\Users\dtms\IdeaProjects\ztp-solid\glassfish5\glassfish\domains\domain1/lib/ext
-Djdbc.drivers=org.apache.derby.jdbc.ClientDriver
-Djava.library.path=C:/Users/dtms/IdeaProjects/ztp-solid/glassfish5/glassfish/lib;C:/ProgramData/Oracle/Java/javapath;C:/Windows/Sun/Java/bin;C:/Windows/System32;C:/Windows;C:/Program Files (x86)/Intel/Intel(R) Management Engine Components/iCLS;C:/Program Files/Intel/Intel(R) Management Engine Components/iCLS;C:/Windows/System32/wbem;C:/Windows/System32/WindowsPowerShell/v1.0;C:/Windows/System32/OpenSSH;C:/Program Files (x86)/Intel/Intel(R) Management Engine Components/DAL;C:/Program Files/Intel/Intel(R) Management Engine Components/DAL;C:/Program Files (x86)/Intel/Intel(R) Management Engine Components/IPT;C:/Program Files/Intel/Intel(R) Management Engine Components/IPT;C:/Program Files (x86)/NVIDIA Corporation/PhysX/Common;C:/Program Files/Git/cmd;C:/Program Files/Git/mingw64/bin;C:/Program Files/Git/usr/bin;C:/Program Files/Docker/Docker/resources/bin;C:/ProgramData/DockerDesktop/version-bin;C:/Program Files/Java/jre1.8.0_144;C:/Program Files/Java/jdk1.8.0_144;C:/Program Files/apache-tomcat-9.0.31;C:/Users/dtms/IdeaProjects/ztp-solid/glassfish5/bin/"C:/Program Files/Java/jdk1.8.0_144/bin;C:/Program Files/Java/jre1.8.0_144/bin;E:/apache-tomcat-9.0.31/lib;C:/Users/dtms/AppData/Local/Programs/Python/Python38/Scripts;C:/Users/dtms/AppData/Local/Programs/Python/Python38;C:/Users/dtms/AppData/Local/Microsoft/WindowsApps;E:/Program Files/JetBrains/IntelliJ IDEA 2019.2.3/bin;C:/Users/dtms/AppData/Local/Programs/Microsoft VS Code/bin;C:/MinGW/bin;C:/Program Files/Java/jdk1.8.0_144/bin;C:/Users/dtms/IdeaProjects/ztp-solid/glassfish5/bin
com.sun.enterprise.glassfish.bootstrap.ASMain
-upgrade
false
-domaindir
C:/Users/dtms/IdeaProjects/ztp-solid/glassfish5/glassfish/domains/domain1
-read-stdin
true
-asadmin-args
--host,,,localhost,,,--port,,,4848,,,--secure=false,,,--terse=false,,,--echo=false,,,--interactive=true,,,start-domain,,,--verbose=false,,,--watchdog=false,,,--debug=false,,,--domaindir,,,C:\Users\dtms\IdeaProjects\ztp-solid\glassfish5\glassfish\domains,,,domain1
-domainname
domain1
-instancename
server
-type
DAS
-verbose
false
-asadmin-classpath
C:/Users/dtms/IdeaProjects/ztp-solid/glassfish5/glassfish/lib/client/appserver-cli.jar
-debug
false
-asadmin-classname
com.sun.enterprise.admin.cli.AdminMain]]

[2020-03-28T15:23:57.188+0100] [] [INFO] [NCLS-GFLAUNCHER-00005] [javax.enterprise.launcher] [tid: _ThreadID=1 _ThreadName=main] [timeMillis: 1585405437188] [levelValue: 800] [[
  JVM invocation command line:
C:\Program Files\Java\jdk1.8.0_144\bin\java.exe
-cp
C:/Users/dtms/IdeaProjects/ztp-solid/glassfish5/glassfish/modules/glassfish.jar
-XX:+UnlockDiagnosticVMOptions
-XX:NewRatio=2
-XX:MaxPermSize=192m
-Xmx512m
-javaagent:C:/Users/dtms/IdeaProjects/ztp-solid/glassfish5/glassfish/lib/monitor/flashlight-agent.jar
-client
-Djavax.xml.accessExternalSchema=all
-Djavax.net.ssl.trustStore=C:\Users\dtms\IdeaProjects\ztp-solid\glassfish5\glassfish\domains\domain1/config/cacerts.jks
-Djdk.tls.rejectClientInitiatedRenegotiation=true
-Djdk.corba.allowOutputStreamSubclass=true
-Dfelix.fileinstall.dir=C:\Users\dtms\IdeaProjects\ztp-solid\glassfish5\glassfish/modules/autostart/
-Dorg.glassfish.additionalOSGiBundlesToStart=org.apache.felix.shell,org.apache.felix.gogo.runtime,org.apache.felix.gogo.shell,org.apache.felix.gogo.command,org.apache.felix.shell.remote,org.apache.felix.fileinstall
-Dcom.sun.aas.installRoot=C:\Users\dtms\IdeaProjects\ztp-solid\glassfish5\glassfish
-Dfelix.fileinstall.poll=5000
-Djava.endorsed.dirs=C:\Users\dtms\IdeaProjects\ztp-solid\glassfish5\glassfish/modules/endorsed;C:\Users\dtms\IdeaProjects\ztp-solid\glassfish5\glassfish/lib/endorsed
-Djava.security.policy=C:\Users\dtms\IdeaProjects\ztp-solid\glassfish5\glassfish\domains\domain1/config/server.policy
-Dosgi.shell.telnet.maxconn=1
-Dfelix.fileinstall.bundles.startTransient=true
-Dcom.sun.enterprise.config.config_environment_factory_class=com.sun.enterprise.config.serverbeans.AppserverConfigEnvironmentFactory
-Dfelix.fileinstall.log.level=2
-Djavax.net.ssl.keyStore=C:\Users\dtms\IdeaProjects\ztp-solid\glassfish5\glassfish\domains\domain1/config/keystore.jks
-Djava.security.auth.login.config=C:\Users\dtms\IdeaProjects\ztp-solid\glassfish5\glassfish\domains\domain1/config/login.conf
-Dfelix.fileinstall.disableConfigSave=false
-Dfelix.fileinstall.bundles.new.start=true
-Dcom.sun.aas.instanceRoot=C:\Users\dtms\IdeaProjects\ztp-solid\glassfish5\glassfish\domains\domain1
-Dosgi.shell.telnet.port=6666
-Dgosh.args=--nointeractive
-Dcom.sun.enterprise.security.httpsOutboundKeyAlias=s1as
-Dosgi.shell.telnet.ip=127.0.0.1
-DANTLR_USE_DIRECT_CLASS_LOADING=true
-Djava.awt.headless=true
-Dcom.ctc.wstx.returnNullForDefaultNamespace=true
-Djava.ext.dirs=C:\Program Files\Java\jdk1.8.0_144/lib/ext;C:\Program Files\Java\jdk1.8.0_144/jre/lib/ext;C:\Users\dtms\IdeaProjects\ztp-solid\glassfish5\glassfish\domains\domain1/lib/ext
-Djdbc.drivers=org.apache.derby.jdbc.ClientDriver
-Djava.library.path=C:/Users/dtms/IdeaProjects/ztp-solid/glassfish5/glassfish/lib;C:/ProgramData/Oracle/Java/javapath;C:/Windows/Sun/Java/bin;C:/Windows/System32;C:/Windows;C:/Program Files (x86)/Intel/Intel(R) Management Engine Components/iCLS;C:/Program Files/Intel/Intel(R) Management Engine Components/iCLS;C:/Windows/System32/wbem;C:/Windows/System32/WindowsPowerShell/v1.0;C:/Windows/System32/OpenSSH;C:/Program Files (x86)/Intel/Intel(R) Management Engine Components/DAL;C:/Program Files/Intel/Intel(R) Management Engine Components/DAL;C:/Program Files (x86)/Intel/Intel(R) Management Engine Components/IPT;C:/Program Files/Intel/Intel(R) Management Engine Components/IPT;C:/Program Files (x86)/NVIDIA Corporation/PhysX/Common;C:/Program Files/Git/cmd;C:/Program Files/Git/mingw64/bin;C:/Program Files/Git/usr/bin;C:/Program Files/Docker/Docker/resources/bin;C:/ProgramData/DockerDesktop/version-bin;C:/Program Files/Java/jre1.8.0_144;C:/Program Files/Java/jdk1.8.0_144;C:/Program Files/apache-tomcat-9.0.31;C:/Users/dtms/IdeaProjects/ztp-solid/glassfish5/bin/"C:/Program Files/Java/jdk1.8.0_144/bin;C:/Program Files/Java/jre1.8.0_144/bin;E:/apache-tomcat-9.0.31/lib;C:/Users/dtms/AppData/Local/Programs/Python/Python38/Scripts;C:/Users/dtms/AppData/Local/Programs/Python/Python38;C:/Users/dtms/AppData/Local/Microsoft/WindowsApps;E:/Program Files/JetBrains/IntelliJ IDEA 2019.2.3/bin;C:/Users/dtms/AppData/Local/Programs/Microsoft VS Code/bin;C:/MinGW/bin;C:/Program Files/Java/jdk1.8.0_144/bin;C:/Users/dtms/IdeaProjects/ztp-solid/glassfish5/bin
com.sun.enterprise.glassfish.bootstrap.ASMain
-upgrade
false
-domaindir
C:/Users/dtms/IdeaProjects/ztp-solid/glassfish5/glassfish/domains/domain1
-read-stdin
true
-asadmin-args
--host,,,localhost,,,--port,,,4848,,,--secure=false,,,--terse=false,,,--echo=false,,,--interactive=true,,,start-domain,,,--verbose=false,,,--watchdog=false,,,--debug=false,,,--domaindir,,,C:\Users\dtms\IdeaProjects\ztp-solid\glassfish5\glassfish\domains,,,domain1
-domainname
domain1
-instancename
server
-type
DAS
-verbose
false
-asadmin-classpath
C:/Users/dtms/IdeaProjects/ztp-solid/glassfish5/glassfish/lib/client/appserver-cli.jar
-debug
false
-asadmin-classname
com.sun.enterprise.admin.cli.AdminMain]]

[2020-03-28T15:24:01.367+0100] [] [INFO] [NCLS-GFLAUNCHER-00005] [javax.enterprise.launcher] [tid: _ThreadID=1 _ThreadName=main] [timeMillis: 1585405441367] [levelValue: 800] [[
  JVM invocation command line:
C:\Program Files\Java\jdk1.8.0_144\bin\java.exe
-cp
C:/Users/dtms/IdeaProjects/ztp-solid/glassfish5/glassfish/modules/glassfish.jar
-XX:+UnlockDiagnosticVMOptions
-XX:NewRatio=2
-XX:MaxPermSize=192m
-Xmx512m
-javaagent:C:/Users/dtms/IdeaProjects/ztp-solid/glassfish5/glassfish/lib/monitor/flashlight-agent.jar
-client
-Djavax.xml.accessExternalSchema=all
-Djavax.net.ssl.trustStore=C:\Users\dtms\IdeaProjects\ztp-solid\glassfish5\glassfish\domains\domain1/config/cacerts.jks
-Djdk.tls.rejectClientInitiatedRenegotiation=true
-Djdk.corba.allowOutputStreamSubclass=true
-Dfelix.fileinstall.dir=C:\Users\dtms\IdeaProjects\ztp-solid\glassfish5\glassfish/modules/autostart/
-Dorg.glassfish.additionalOSGiBundlesToStart=org.apache.felix.shell,org.apache.felix.gogo.runtime,org.apache.felix.gogo.shell,org.apache.felix.gogo.command,org.apache.felix.shell.remote,org.apache.felix.fileinstall
-Dcom.sun.aas.installRoot=C:\Users\dtms\IdeaProjects\ztp-solid\glassfish5\glassfish
-Dfelix.fileinstall.poll=5000
-Djava.endorsed.dirs=C:\Users\dtms\IdeaProjects\ztp-solid\glassfish5\glassfish/modules/endorsed;C:\Users\dtms\IdeaProjects\ztp-solid\glassfish5\glassfish/lib/endorsed
-Djava.security.policy=C:\Users\dtms\IdeaProjects\ztp-solid\glassfish5\glassfish\domains\domain1/config/server.policy
-Dosgi.shell.telnet.maxconn=1
-Dfelix.fileinstall.bundles.startTransient=true
-Dcom.sun.enterprise.config.config_environment_factory_class=com.sun.enterprise.config.serverbeans.AppserverConfigEnvironmentFactory
-Dfelix.fileinstall.log.level=2
-Djavax.net.ssl.keyStore=C:\Users\dtms\IdeaProjects\ztp-solid\glassfish5\glassfish\domains\domain1/config/keystore.jks
-Djava.security.auth.login.config=C:\Users\dtms\IdeaProjects\ztp-solid\glassfish5\glassfish\domains\domain1/config/login.conf
-Dfelix.fileinstall.disableConfigSave=false
-Dfelix.fileinstall.bundles.new.start=true
-Dcom.sun.aas.instanceRoot=C:\Users\dtms\IdeaProjects\ztp-solid\glassfish5\glassfish\domains\domain1
-Dosgi.shell.telnet.port=6666
-Dgosh.args=--nointeractive
-Dcom.sun.enterprise.security.httpsOutboundKeyAlias=s1as
-Dosgi.shell.telnet.ip=127.0.0.1
-DANTLR_USE_DIRECT_CLASS_LOADING=true
-Djava.awt.headless=true
-Dcom.ctc.wstx.returnNullForDefaultNamespace=true
-Djava.ext.dirs=C:\Program Files\Java\jdk1.8.0_144/lib/ext;C:\Program Files\Java\jdk1.8.0_144/jre/lib/ext;C:\Users\dtms\IdeaProjects\ztp-solid\glassfish5\glassfish\domains\domain1/lib/ext
-Djdbc.drivers=org.apache.derby.jdbc.ClientDriver
-Djava.library.path=C:/Users/dtms/IdeaProjects/ztp-solid/glassfish5/glassfish/lib;C:/ProgramData/Oracle/Java/javapath;C:/Windows/Sun/Java/bin;C:/Windows/System32;C:/Windows;C:/Program Files (x86)/Intel/Intel(R) Management Engine Components/iCLS;C:/Program Files/Intel/Intel(R) Management Engine Components/iCLS;C:/Windows/System32/wbem;C:/Windows/System32/WindowsPowerShell/v1.0;C:/Windows/System32/OpenSSH;C:/Program Files (x86)/Intel/Intel(R) Management Engine Components/DAL;C:/Program Files/Intel/Intel(R) Management Engine Components/DAL;C:/Program Files (x86)/Intel/Intel(R) Management Engine Components/IPT;C:/Program Files/Intel/Intel(R) Management Engine Components/IPT;C:/Program Files (x86)/NVIDIA Corporation/PhysX/Common;C:/Program Files/Git/cmd;C:/Program Files/Git/mingw64/bin;C:/Program Files/Git/usr/bin;C:/Program Files/Docker/Docker/resources/bin;C:/ProgramData/DockerDesktop/version-bin;C:/Program Files/Java/jre1.8.0_144;C:/Program Files/Java/jdk1.8.0_144;C:/Program Files/apache-tomcat-9.0.31;C:/Users/dtms/IdeaProjects/ztp-solid/glassfish5/bin/"C:/Program Files/Java/jdk1.8.0_144/bin;C:/Program Files/Java/jre1.8.0_144/bin;E:/apache-tomcat-9.0.31/lib;C:/Users/dtms/AppData/Local/Programs/Python/Python38/Scripts;C:/Users/dtms/AppData/Local/Programs/Python/Python38;C:/Users/dtms/AppData/Local/Microsoft/WindowsApps;E:/Program Files/JetBrains/IntelliJ IDEA 2019.2.3/bin;C:/Users/dtms/AppData/Local/Programs/Microsoft VS Code/bin;C:/MinGW/bin;C:/Program Files/Java/jdk1.8.0_144/bin;C:/Users/dtms/IdeaProjects/ztp-solid/glassfish5/bin
com.sun.enterprise.glassfish.bootstrap.ASMain
-upgrade
false
-domaindir
C:/Users/dtms/IdeaProjects/ztp-solid/glassfish5/glassfish/domains/domain1
-read-stdin
true
-asadmin-args
--host,,,localhost,,,--port,,,4848,,,--secure=false,,,--terse=false,,,--echo=false,,,--interactive=true,,,start-domain,,,--verbose=false,,,--watchdog=false,,,--debug=false,,,--domaindir,,,C:\Users\dtms\IdeaProjects\ztp-solid\glassfish5\glassfish\domains,,,domain1
-domainname
domain1
-instancename
server
-type
DAS
-verbose
false
-asadmin-classpath
C:/Users/dtms/IdeaProjects/ztp-solid/glassfish5/glassfish/lib/client/appserver-cli.jar
-debug
false
-asadmin-classname
com.sun.enterprise.admin.cli.AdminMain]]

[2020-03-28T15:29:26.012+0100] [] [INFO] [NCLS-GFLAUNCHER-00005] [javax.enterprise.launcher] [tid: _ThreadID=1 _ThreadName=main] [timeMillis: 1585405766012] [levelValue: 800] [[
  JVM invocation command line:
C:\Program Files\Java\jdk1.8.0_144\bin\java.exe
-cp
C:/Users/dtms/IdeaProjects/ztp-solid/glassfish5/glassfish/modules/glassfish.jar
-XX:+UnlockDiagnosticVMOptions
-XX:NewRatio=2
-XX:MaxPermSize=192m
-Xmx512m
-javaagent:C:/Users/dtms/IdeaProjects/ztp-solid/glassfish5/glassfish/lib/monitor/flashlight-agent.jar
-client
-Djavax.xml.accessExternalSchema=all
-Djavax.net.ssl.trustStore=C:\Users\dtms\IdeaProjects\ztp-solid\glassfish5\glassfish\domains\domain1/config/cacerts.jks
-Djdk.tls.rejectClientInitiatedRenegotiation=true
-Djdk.corba.allowOutputStreamSubclass=true
-Dfelix.fileinstall.dir=C:\Users\dtms\IdeaProjects\ztp-solid\glassfish5\glassfish/modules/autostart/
-Dorg.glassfish.additionalOSGiBundlesToStart=org.apache.felix.shell,org.apache.felix.gogo.runtime,org.apache.felix.gogo.shell,org.apache.felix.gogo.command,org.apache.felix.shell.remote,org.apache.felix.fileinstall
-Dcom.sun.aas.installRoot=C:\Users\dtms\IdeaProjects\ztp-solid\glassfish5\glassfish
-Dfelix.fileinstall.poll=5000
-Djava.endorsed.dirs=C:\Users\dtms\IdeaProjects\ztp-solid\glassfish5\glassfish/modules/endorsed;C:\Users\dtms\IdeaProjects\ztp-solid\glassfish5\glassfish/lib/endorsed
-Djava.security.policy=C:\Users\dtms\IdeaProjects\ztp-solid\glassfish5\glassfish\domains\domain1/config/server.policy
-Dosgi.shell.telnet.maxconn=1
-Dfelix.fileinstall.bundles.startTransient=true
-Dcom.sun.enterprise.config.config_environment_factory_class=com.sun.enterprise.config.serverbeans.AppserverConfigEnvironmentFactory
-Dfelix.fileinstall.log.level=2
-Djavax.net.ssl.keyStore=C:\Users\dtms\IdeaProjects\ztp-solid\glassfish5\glassfish\domains\domain1/config/keystore.jks
-Djava.security.auth.login.config=C:\Users\dtms\IdeaProjects\ztp-solid\glassfish5\glassfish\domains\domain1/config/login.conf
-Dfelix.fileinstall.disableConfigSave=false
-Dfelix.fileinstall.bundles.new.start=true
-Dcom.sun.aas.instanceRoot=C:\Users\dtms\IdeaProjects\ztp-solid\glassfish5\glassfish\domains\domain1
-Dosgi.shell.telnet.port=6666
-Dgosh.args=--nointeractive
-Dcom.sun.enterprise.security.httpsOutboundKeyAlias=s1as
-Dosgi.shell.telnet.ip=127.0.0.1
-DANTLR_USE_DIRECT_CLASS_LOADING=true
-Djava.awt.headless=true
-Dcom.ctc.wstx.returnNullForDefaultNamespace=true
-Djava.ext.dirs=C:\Program Files\Java\jdk1.8.0_144/lib/ext;C:\Program Files\Java\jdk1.8.0_144/jre/lib/ext;C:\Users\dtms\IdeaProjects\ztp-solid\glassfish5\glassfish\domains\domain1/lib/ext
-Djdbc.drivers=org.apache.derby.jdbc.ClientDriver
-Djava.library.path=C:/Users/dtms/IdeaProjects/ztp-solid/glassfish5/glassfish/lib;C:/ProgramData/Oracle/Java/javapath;C:/Windows/Sun/Java/bin;C:/Windows/System32;C:/Windows;C:/Program Files (x86)/Intel/Intel(R) Management Engine Components/iCLS;C:/Program Files/Intel/Intel(R) Management Engine Components/iCLS;C:/Windows/System32/wbem;C:/Windows/System32/WindowsPowerShell/v1.0;C:/Windows/System32/OpenSSH;C:/Program Files (x86)/Intel/Intel(R) Management Engine Components/DAL;C:/Program Files/Intel/Intel(R) Management Engine Components/DAL;C:/Program Files (x86)/Intel/Intel(R) Management Engine Components/IPT;C:/Program Files/Intel/Intel(R) Management Engine Components/IPT;C:/Program Files (x86)/NVIDIA Corporation/PhysX/Common;C:/Program Files/Git/cmd;C:/Program Files/Git/mingw64/bin;C:/Program Files/Git/usr/bin;C:/Program Files/Docker/Docker/resources/bin;C:/ProgramData/DockerDesktop/version-bin;C:/Program Files/Java/jre1.8.0_144;C:/Program Files/Java/jdk1.8.0_144;C:/Program Files/apache-tomcat-9.0.31;C:/Users/dtms/IdeaProjects/ztp-solid/glassfish5/glassfish/bin/"C:/Program Files/Java/jdk1.8.0_144/bin;C:/Program Files/Java/jre1.8.0_144/bin;E:/apache-tomcat-9.0.31/lib;C:/Users/dtms/AppData/Local/Programs/Python/Python38/Scripts;C:/Users/dtms/AppData/Local/Programs/Python/Python38;C:/Users/dtms/AppData/Local/Microsoft/WindowsApps;E:/Program Files/JetBrains/IntelliJ IDEA 2019.2.3/bin;C:/Users/dtms/AppData/Local/Programs/Microsoft VS Code/bin;C:/MinGW/bin;C:/Program Files/Java/jdk1.8.0_144/bin;C:/Users/dtms/IdeaProjects/ztp-solid/glassfish5/glassfish/bin
com.sun.enterprise.glassfish.bootstrap.ASMain
-upgrade
false
-domaindir
C:/Users/dtms/IdeaProjects/ztp-solid/glassfish5/glassfish/domains/domain1
-read-stdin
true
-asadmin-args
--host,,,localhost,,,--port,,,4848,,,--secure=false,,,--terse=false,,,--echo=false,,,--interactive=false,,,start-domain,,,--verbose=false,,,--watchdog=false,,,--debug=false,,,--domaindir,,,C:\Users\dtms\IdeaProjects\ztp-solid\glassfish5\glassfish\domains,,,domain1
-domainname
domain1
-instancename
server
-type
DAS
-verbose
false
-asadmin-classpath
C:/Users/dtms/IdeaProjects/ztp-solid/glassfish5/glassfish/lib/client/appserver-cli.jar
-debug
false
-asadmin-classname
com.sun.enterprise.admin.cli.AdminMain]]

